<?xml version="1.0" encoding="UTF-8"?>
<!-- Generated by org.testng.reporters.JUnitReportReporter -->
<testsuite hostname="WKSPUN05GTR0523" failures="0" tests="3" name="stepdefination.RunnerTest" time="95.934" errors="0" timestamp="2024-10-03T16:37:04 IST" skipped="0">
  <testcase classname="stepdefination.RunnerTest" name="runScenario" time="28.180"/>
  <system-out/>
  <testcase classname="stepdefination.RunnerTest" name="runScenario" time="28.723"/>
  <system-out/>
  <testcase classname="stepdefination.RunnerTest" name="runScenario" time="39.031"/>
  <system-out/>
</testsuite> <!-- stepdefination.RunnerTest -->
